<?xml version="1.0" encoding="UTF-8"?>
<!-- Generated by org.testng.reporters.JUnitReportReporter -->
<testsuite hostname="PUNIT-PC" failures="0" tests="1" name="com.automation.Demotestng" time="0.061" errors="0" timestamp="2022-02-08T08:15:46 IST" skipped="0">
  <testcase classname="com.automation.Demotestng" name="m1" time="0.061"/>
  <system-out/>
</testsuite> <!-- com.automation.Demotestng -->
